TN:
SF:src/app.ts
FNF:0
FNH:0
DA:1,1
DA:2,1
DA:3,1
DA:4,1
DA:5,1
DA:6,1
DA:8,1
DA:10,1
DA:12,1
DA:14,1
DA:16,1
DA:18,1
DA:20,1
LF:13
LH:13
BRF:0
BRH:0
end_of_record
TN:
SF:src/server.ts
FN:12,(anonymous_1)
FNF:1
FNH:0
FNDA:0,(anonymous_1)
DA:1,0
DA:2,0
DA:3,0
DA:5,0
DA:8,0
DA:10,0
DA:12,0
DA:13,0
LF:8
LH:0
BRDA:10,0,0,0
BRDA:10,0,1,0
BRF:2
BRH:0
end_of_record
TN:
SF:src/config/database.ts
FN:4,(anonymous_7)
FN:4,(anonymous_8)
FNF:2
FNH:2
FNDA:1,(anonymous_7)
FNDA:1,(anonymous_8)
DA:2,1
DA:4,1
DA:5,1
DA:6,1
DA:7,1
DA:9,0
DA:10,0
LF:7
LH:5
BRF:0
BRH:0
end_of_record
TN:
SF:src/config/swagger.ts
FN:25,setupSwagger
FNF:1
FNH:1
FNDA:1,setupSwagger
DA:1,1
DA:2,1
DA:5,1
DA:23,1
DA:25,1
DA:26,1
LF:6
LH:6
BRF:0
BRH:0
end_of_record
TN:
SF:src/controllers/category.controller.ts
FN:5,createCategory
FN:15,deleteCategory
FN:25,getCategorySubtree
FN:45,updateCategoryParent
FNF:4
FNH:4
FNDA:3,createCategory
FNDA:1,deleteCategory
FNDA:2,getCategorySubtree
FNDA:1,updateCategoryParent
DA:2,1
DA:3,1
DA:5,1
DA:6,3
DA:7,3
DA:8,3
DA:9,3
DA:11,0
DA:15,1
DA:16,1
DA:17,1
DA:18,1
DA:19,1
DA:21,0
DA:25,1
DA:26,2
DA:27,2
DA:28,2
DA:29,2
DA:30,1
DA:31,1
DA:34,1
DA:35,1
DA:37,0
DA:38,0
DA:39,0
DA:41,0
DA:45,1
DA:46,1
DA:47,1
DA:48,1
DA:49,1
DA:50,1
DA:52,0
DA:53,0
DA:54,0
DA:56,0
LF:37
LH:27
BRDA:29,0,0,1
BRDA:37,1,0,0
BRDA:52,2,0,0
BRF:3
BRH:1
end_of_record
TN:
SF:src/dtos/category.dto.ts
FNF:0
FNH:0
DA:1,1
DA:3,1
DA:5,1
DA:9,1
DA:12,1
DA:14,1
LF:6
LH:6
BRF:0
BRH:0
end_of_record
TN:
SF:src/entities/category.entity.ts
FN:11,(anonymous_2)
FN:11,(anonymous_3)
FN:14,(anonymous_4)
FN:14,(anonymous_5)
FNF:4
FNH:4
FNDA:2,(anonymous_2)
FNDA:2,(anonymous_3)
FNDA:2,(anonymous_4)
FNDA:2,(anonymous_5)
DA:1,1
DA:4,1
DA:6,1
DA:9,1
DA:11,2
DA:12,1
DA:14,2
DA:15,1
DA:18,1
DA:21,1
LF:10
LH:10
BRF:0
BRH:0
end_of_record
TN:
SF:src/errors/BadRequestError.ts
FN:2,(anonymous_0)
FNF:1
FNH:0
FNDA:0,(anonymous_0)
DA:1,0
DA:3,0
DA:4,0
LF:3
LH:0
BRF:0
BRH:0
end_of_record
TN:
SF:src/errors/NotFoudError.ts
FN:2,(anonymous_0)
FNF:1
FNH:0
FNDA:0,(anonymous_0)
DA:1,1
DA:3,0
DA:4,0
LF:3
LH:1
BRF:0
BRH:0
end_of_record
TN:
SF:src/middlewares/errorHandler.ts
FN:3,errorHandler
FNF:1
FNH:0
FNDA:0,errorHandler
DA:4,0
DA:5,0
DA:8,1
LF:3
LH:1
BRF:0
BRH:0
end_of_record
TN:
SF:src/middlewares/validationMiddleware.ts
FN:5,validationMiddleware
FN:6,(anonymous_1)
FN:8,(anonymous_2)
FN:12,(anonymous_3)
FNF:4
FNH:3
FNDA:2,validationMiddleware
FNDA:4,(anonymous_1)
FNDA:4,(anonymous_2)
FNDA:0,(anonymous_3)
DA:1,1
DA:2,1
DA:6,2
DA:7,4
DA:8,4
DA:9,4
DA:10,0
DA:12,0
DA:15,4
DA:21,1
LF:10
LH:8
BRDA:9,0,0,0
BRDA:9,0,1,4
BRF:2
BRH:1
end_of_record
TN:
SF:src/migrations/1728022271033-mig.ts
FN:3,(anonymous_7)
FN:6,(anonymous_8)
FN:11,(anonymous_10)
FNF:3
FNH:2
FNDA:1,(anonymous_7)
FNDA:1,(anonymous_8)
FNDA:0,(anonymous_10)
DA:3,1
DA:4,1
DA:7,1
DA:8,1
DA:12,0
DA:13,0
LF:6
LH:4
BRF:0
BRH:0
end_of_record
TN:
SF:src/migrations/1728023947041-mig.ts
FN:3,(anonymous_7)
FN:6,(anonymous_8)
FN:11,(anonymous_10)
FNF:3
FNH:2
FNDA:1,(anonymous_7)
FNDA:1,(anonymous_8)
FNDA:0,(anonymous_10)
DA:3,1
DA:4,1
DA:7,1
DA:8,1
DA:12,0
DA:13,0
LF:6
LH:4
BRF:0
BRH:0
end_of_record
TN:
SF:src/routes/category.routes.ts
FNF:0
FNH:0
DA:1,1
DA:2,1
DA:3,1
DA:4,1
DA:6,1
DA:68,1
DA:89,1
DA:114,1
DA:143,1
DA:145,1
LF:10
LH:10
BRF:0
BRH:0
end_of_record
TN:
SF:src/services/category.service.ts
FN:8,addCategory
FN:22,removeCategory
FN:26,fetchSubtree
FN:33,moveSubtree
FN:50,getCategoryById
FNF:5
FNH:5
FNDA:3,addCategory
FNDA:1,removeCategory
FNDA:1,fetchSubtree
FNDA:1,moveSubtree
FNDA:2,getCategoryById
DA:2,1
DA:3,1
DA:4,1
DA:6,1
DA:8,1
DA:9,3
DA:10,3
DA:12,3
DA:13,1
DA:14,1
DA:15,1
DA:19,3
DA:22,1
DA:23,1
DA:26,1
DA:27,1
DA:33,1
DA:34,1
DA:35,1
DA:38,1
DA:39,0
DA:42,1
DA:43,0
DA:46,1
DA:47,1
DA:50,1
DA:51,2
LF:27
LH:25
BRDA:12,0,0,1
BRDA:14,1,0,1
BRDA:38,2,0,0
BRDA:42,3,0,0
BRF:4
BRH:2
end_of_record
TN:
SF:src/utils/validateEnv.ts
FN:16,(anonymous_1)
FNF:1
FNH:0
FNDA:0,(anonymous_1)
DA:1,0
DA:6,0
DA:16,0
DA:17,0
DA:18,0
DA:19,0
DA:21,0
LF:7
LH:0
BRDA:18,0,0,0
BRF:1
BRH:0
end_of_record
